make.exe all --print-data-base --no-builtin-variables --no-builtin-rules --question
Makefile:67: *** missing separator.  Stop.

# GNU Make 4.3
# Built for Windows32
# Copyright (C) 1988-2020 Free Software Foundation, Inc.
# License GPLv3+: GNU GPL version 3 or later <http://gnu.org/licenses/gpl.html>
# This is free software: you are free to change and redistribute it.
# There is NO WARRANTY, to the extent permitted by law.

# Make data base, printed on Sun Jun 19 03:09:54 2022

# Variables

# environment
SYSTEMDRIVE = C:
# environment
LC_ALL = C
# environment
ACSVCPORT = 17532
# environment
USERPROFILE = C:\Users\MehdiHadeli
# environment
LOCALAPPDATA = C:\Users\MehdiHadeli\AppData\Local
# environment
VSCODE_IPC_HOOK_EXTHOST = \\.\pipe\vscode-ipc-027efb11-0b11-4ec2-a848-304f192a5dc6-sock
# environment
VSCODE_CWD = D:\Github\GOLANG\store-golang-microservice-sample\services\catalogs
# environment
CHOCOLATEYINSTALL = C:\ProgramData\chocolatey
# environment
SYSTEMROOT = C:\Windows
# environment
PROCESSOR_LEVEL = 6
# environment
PSMODULEPATH = %ProgramFiles%\WindowsPowerShell\Modules;C:\Windows\system32\WindowsPowerShell\v1.0\Modules
# default
MAKE_COMMAND := C:/ProgramData/chocolatey/lib/make/tools/install/bin/make.exe
# environment
GOPATH = C:\Users\MehdiHadeli\go
# automatic
@D = $(patsubst %/,%,$(patsubst %\,%,$(dir $@)))
# environment
CHROME_CRASHPAD_PIPE_NAME = \\.\pipe\crashpad_10516_UUNWBKMSQYHXOSKE
# environment
VSCODE_HANDLES_UNCAUGHT_ERRORS = true
# default
.VARIABLES := 
# environment
JETBRAINS RIDER = C:\Program Files\JetBrains\JetBrains Rider 2021.3\bin;
# automatic
%D = $(patsubst %/,%,$(patsubst %\,%,$(dir $%)))
# automatic
^D = $(patsubst %/,%,$(patsubst %\,%,$(dir $^)))
# environment
VSCODE_LOG_STACK = false
# automatic
%F = $(notdir $%)
# environment
VSCODE_CODE_CACHE_PATH = C:\Users\MehdiHadeli\AppData\Roaming\Code\CachedData\30d9c6cd9483b2cc586687151bcbcd635f373630
# environment
LANG = C
# makefile (from 'Makefile', line 48)
DB_NAME = catalogs.service
# makefile (from 'Makefile', line 53)
DB_PORT = 5432
# default
.LOADED := 
# environment
TMP = C:\Users\MEHDIH~1\AppData\Local\Temp
# default
.INCLUDE_DIRS = .
# environment
PROCESSOR_ARCHITEW6432 = AMD64
# makefile
MAKEFLAGS = pqrR
# environment
ONEDRIVE = C:\Users\MehdiHadeli\OneDrive
# makefile
CURDIR := d:/Github/GOLANG/store-golang-microservice-sample/services/catalogs
# environment
VSCODE_PIPE_LOGGING = true
# environment
APPLICATION_INSIGHTS_NO_DIAGNOSTIC_CHANNEL = 1
# environment
GOLAND = C:\Program Files\JetBrains\GoLand 2021.3\bin;
# automatic
*D = $(patsubst %/,%,$(patsubst %\,%,$(dir $*)))
# environment
PROGRAMFILES = C:\Program Files (x86)
# environment
MFLAGS = -pqrR
# default
.SHELLFLAGS := -c
# environment
COMMONPROGRAMW6432 = C:\Program Files\Common Files
# automatic
+D = $(patsubst %/,%,$(patsubst %\,%,$(dir $+)))
# makefile (from 'Makefile', line 1)
MAKEFILE_LIST := Makefile
# automatic
@F = $(notdir $@)
# environment
VSCODE_VERBOSE_LOGGING = true
# environment
VSCODE_PID = 10516
# automatic
?D = $(patsubst %/,%,$(patsubst %\,%,$(dir $?)))
# automatic
*F = $(notdir $*)
# automatic
<D = $(patsubst %/,%,$(patsubst %\,%,$(dir $<)))
# environment
VSCODE_NLS_CONFIG = {"locale":"en-us","availableLanguages":{},"_languagePackSupport":true}
# environment
ONEDRIVECONSUMER = C:\Users\MehdiHadeli\OneDrive
# default
MAKE_HOST := Windows32
# environment
PROGRAMDATA = C:\ProgramData
# default
SHELL := sh.exe
# environment
HOMEPATH = \Users\MehdiHadeli
# default
MAKECMDGOALS := all
# environment
DRIVERDATA = C:\Windows\System32\Drivers\DriverData
# environment
COMSPEC = C:\Windows\system32\cmd.exe
# environment
WINDIR = C:\Windows
# environment
MAKELEVEL := 0
# default
MAKE = $(MAKE_COMMAND)
# environment
PATH = C:\Windows\system32;C:\Windows;C:\Windows\System32\Wbem;C:\Windows\System32\WindowsPowerShell\v1.0\;C:\Windows\System32\OpenSSH\;C:\Program Files\dotnet\;C:\Program Files\Git\cmd;C:\Program Files (x86)\Microsoft SQL Server\150\DTS\Binn\;C:\Program Files\Azure Data Studio\bin;C:\Program Files\Docker\Docker\resources\bin;C:\ProgramData\DockerDesktop\version-bin;C:\Program Files\nodejs\;C:\Program Files\Go\bin;C:\ProgramData\chocolatey\bin;C:\Users\MehdiHadeli\scoop\shims;C:\Users\MehdiHadeli\AppData\Local\Programs\Python\Python310\Scripts\;C:\Users\MehdiHadeli\AppData\Local\Programs\Python\Python310\;C:\Users\MehdiHadeli\AppData\Local\Microsoft\WindowsApps;C:\Users\MehdiHadeli\.dotnet\tools;C:\Users\MehdiHadeli\AppData\Local\Programs\Microsoft VS Code\bin;C:\Program Files\JetBrains\JetBrains Rider 2021.3\bin;C:\Users\MehdiHadeli\AppData\Roaming\npm;C:\Program Files\JetBrains\DataGrip 2021.3\bin;C:\Users\MehdiHadeli\go\bin;C:\Program Files\JetBrains\GoLand 2021.3\bin;C:\Users\MehdiHadeli\go\bin
# environment
ZES_ENABLE_SYSMAN = 1
# environment
COMPUTERNAME = MEHDI
# default
MAKEFILES := 
# automatic
^F = $(notdir $^)
# environment
PROMPT = $P$G
# environment
CHOCOLATEYLASTPATHUPDATE = 132998421948824247
# environment
LOGONSERVER = \\MEHDI
# environment
VSCODE_LOG_NATIVE = false
# environment
USERNAME = MehdiHadeli
# environment
COMMONPROGRAMFILES = C:\Program Files (x86)\Common Files
# automatic
?F = $(notdir $?)
# environment
PROGRAMW6432 = C:\Program Files
# environment
PATHEXT = .COM;.EXE;.BAT;.CMD;.VBS;.VBE;.JS;.JSE;.WSF;.WSH;.MSC
# automatic
+F = $(notdir $+)
# environment
ORIGINAL_XDG_CURRENT_DESKTOP = undefined
# environment
USERDOMAIN = Mehdi
# environment
GNUMAKEFLAGS := 
# makefile (from 'Makefile', line 52)
DB_HOST = localhost
# environment
OS = Windows_NT
# makefile
.DEFAULT_GOAL := run_catalogs_service
# default
MAKE_VERSION := 4.3
# environment
PROGRAMFILES(X86) = C:\Program Files (x86)
# environment
USERDOMAIN_ROAMINGPROFILE = Mehdi
# environment
NUMBER_OF_PROCESSORS = 12
# environment
PUBLIC = C:\Users\Public
# environment
MOZ_PLUGIN_PATH = C:\Program Files (x86)\Foxit Software\Foxit PDF Reader\plugins\
# environment
APPDATA = C:\Users\MehdiHadeli\AppData\Roaming
# makefile (from 'Makefile', line 50)
DB_USER = postgres
# environment
HOMEDRIVE = C:
# makefile (from 'Makefile', line 54)
SSL_MODE = disable
# environment
PROCESSOR_ARCHITECTURE = x86
# makefile (from 'Makefile', line 51)
DB_PASS = postgres
# environment
GOMODCACHE = C:\Users\MehdiHadeli\go\pkg\mod
# environment
DATAGRIP = C:\Program Files\JetBrains\DataGrip 2021.3\bin;
# environment
VSCODE_AMD_ENTRYPOINT = vs/workbench/api/node/extensionHostProcess
# environment
COMMONPROGRAMFILES(X86) = C:\Program Files (x86)\Common Files
# environment
ELECTRON_RUN_AS_NODE = 1
# environment
TEMP = C:\Users\MEHDIH~1\AppData\Local\Temp
# environment
VSCODE_IPC_HOOK = \\.\pipe\f514d32982fce962e7fdbbc6d4d7a88f-1.68.1-main-sock
# environment
GOPROXY = https://proxy.golang.org,direct
# default
.RECIPEPREFIX := 
# automatic
<F = $(notdir $<)
# default
SUFFIXES := 
# environment
ALLUSERSPROFILE = C:\ProgramData
# environment
SESSIONNAME = Console
# default
.FEATURES := target-specific order-only second-expansion else-if shortest-stem undefine oneshell nocomment grouped-target extra-prereqs archives jobserver output-sync load
# environment
PROCESSOR_REVISION = a503
# environment
PROCESSOR_IDENTIFIER = Intel64 Family 6 Model 165 Stepping 3, GenuineIntel
# variable set hash-table stats:
# Load=110/1024=11%, Rehash=0, Collisions=11/128=9%

# Pattern-specific Variable Values

# No pattern-specific variable values.

# Directories

# . (key d:/Github/GOLANG/store-golang-microservice-sample/services/catalogs, mtime 1655591992): 10 files, no impossibilities.

# 10 files, no impossibilities in 1 directories.

# Implicit Rules

# No implicit rules.

# Files

create_db:
#  Implicit rule search has not been done.
#  Modification time never checked.
#  File has not been updated.

POSTGRES_PASSWORD: 11.1-alpine
#  Implicit rule search has not been done.
#  Modification time never checked.
#  File has not been updated.

docker: 11.1-alpine
#  Implicit rule search has not been done.
#  Modification time never checked.
#  File has not been updated.

POSTGRES_USER: 11.1-alpine
#  Implicit rule search has not been done.
#  Modification time never checked.
#  File has not been updated.

run_catalogs_service:
#  Implicit rule search has not been done.
#  Modification time never checked.
#  File has not been updated.
#  recipe to execute (from 'Makefile', line 4):
	go run ./cmd/main.go -config=./config/config.yaml

# Not a target:
Makefile:
#  Implicit rule search has not been done.
#  Modification time never checked.
#  File has not been updated.

tidy:
#  Implicit rule search has not been done.
#  Modification time never checked.
#  File has not been updated.
#  recipe to execute (from 'Makefile', line 10):
	go mod tidy

pprof_cpu:
#  Implicit rule search has not been done.
#  Modification time never checked.
#  File has not been updated.
#  recipe to execute (from 'Makefile', line 38):
	go tool pprof -http :8006 http://localhost:6060/debug/pprof/profile?seconds=10

pprof_heap:
#  Implicit rule search has not been done.
#  Modification time never checked.
#  File has not been updated.
#  recipe to execute (from 'Makefile', line 35):
	go tool pprof -http :8006 http://localhost:6060/debug/pprof/heap?seconds=10

-e: 11.1-alpine 11.1-alpine
#  Implicit rule search has not been done.
#  Modification time never checked.
#  File has not been updated.

deps-upgrade:
#  Implicit rule search has not been done.
#  Modification time never checked.
#  File has not been updated.
#  recipe to execute (from 'Makefile', line 17):
	go get -u -t -d -v ./...
	go mod tidy

deps-cleancache:
#  Implicit rule search has not been done.
#  Modification time never checked.
#  File has not been updated.
#  recipe to execute (from 'Makefile', line 21):
	go clean -modcache

# Not a target:
11.1-alpine:
#  Implicit rule search has not been done.
#  Modification time never checked.
#  File has not been updated.

# Not a target:
.DEFAULT:
#  Implicit rule search has not been done.
#  Modification time never checked.
#  File has not been updated.

deps-reset:
#  Implicit rule search has not been done.
#  Modification time never checked.
#  File has not been updated.
#  recipe to execute (from 'Makefile', line 13):
	git checkout -- go.mod
	go mod tidy

# Not a target:
all:
#  Command line target.
#  Implicit rule search has not been done.
#  Modification time never checked.
#  File has not been updated.

run: 11.1-alpine
#  Implicit rule search has not been done.
#  Modification time never checked.
#  File has not been updated.

5432:5432: 11.1-alpine
#  Implicit rule search has not been done.
#  Modification time never checked.
#  File has not been updated.

-d: 11.1-alpine
#  Implicit rule search has not been done.
#  Modification time never checked.
#  File has not been updated.

run-linter:
#  Implicit rule search has not been done.
#  Modification time never checked.
#  File has not been updated.
#  recipe to execute (from 'Makefile', line 28):
	@echo Starting linters
	golangci-lint run ./...

postgres: 11.1-alpine 11.1-alpine 11.1-alpine 11.1-alpine
#  Implicit rule search has not been done.
#  Modification time never checked.
#  File has not been updated.

--name: 11.1-alpine
#  Implicit rule search has not been done.
#  Modification time never checked.
#  File has not been updated.

pprof_allocs:
#  Implicit rule search has not been done.
#  Modification time never checked.
#  File has not been updated.
#  recipe to execute (from 'Makefile', line 41):
	go tool pprof -http :8006 http://localhost:6060/debug/pprof/allocs?seconds=10

-p: 11.1-alpine
#  Implicit rule search has not been done.
#  Modification time never checked.
#  File has not been updated.

.PHONY:
#  Implicit rule search has not been done.
#  Modification time never checked.
#  File has not been updated.

=: 11.1-alpine 11.1-alpine
#  Implicit rule search has not been done.
#  Modification time never checked.
#  File has not been updated.

# files hash-table stats:
# Load=27/1024=3%, Rehash=0, Collisions=0/35=0%
# VPATH Search Paths

# No 'vpath' search paths.

# No general ('VPATH' variable) search path.

# strcache buffers: 1 (0) / strings = 36 / storage = 310 B / avg = 8 B
# current buf: size = 8174 B / used = 310 B / count = 36 / avg = 8 B

# strcache performance: lookups = 74 / hit rate = 51%
# hash-table stats:
# Load=36/8192=0%, Rehash=0, Collisions=0/74=0%
# Finished Make data base on Sun Jun 19 03:09:54 2022

 
